<?xml version="1.0" encoding="UTF-8" ?>
<testsuite tests="10" failures="0" name="Runner" time="8.809" errors="0" skipped="0">
  <properties>
[...]
</properties>
  <testcase classname="Validar cadastro com sucesso no site Register" name="que eu acesso o site Register" time="6.999"/>
  <testcase classname="Validar cadastro com sucesso no site Register" name="preencho nome &quot;Edlayne&quot; e sobrenome: &quot;Morais&quot;" time="0.321"/>
  <testcase classname="Validar cadastro com sucesso no site Register" name="preencho campo endereço com o valor &quot;Tão Tão Distante&quot;" time="0.07"/>
  <testcase classname="Validar cadastro com sucesso no site Register" name="preencho campo email com o valor &quot;edlayne.morais@gmail.com&quot;" time="0.098"/>
  <testcase classname="Validar cadastro com sucesso no site Register" name="preencho campo telefone com o valor &quot;11984736626&quot;" time="0.073"/>
  <testcase classname="Validar cadastro com sucesso no site Register" name="clico no checkbox FeMale, clico no checkbox Movies" time="0.092"/>
  <testcase classname="Validar cadastro com sucesso no site Register" name="seleciono a Skills &quot;Java&quot;" time="0.077"/>
  <testcase classname="Validar cadastro com sucesso no site Register" name="seleciono um country" time="0.142"/>
  <testcase classname="Validar cadastro com sucesso no site Register" name="seleciono o ano &quot;1989&quot;, o mes &quot;March&quot;, e o dia &quot;10&quot;" time="0.195"/>
  <testcase classname="Validar cadastro com sucesso no site Register" name="Validar cadastro com sucesso no site Register" time="0.742"/>
</testsuite>